The system is: Darwin - 17.7.0 - x86_64
Compiling the C compiler identification source file "CMakeCCompilerId.c" succeeded.
Compiler: /Library/Developer/CommandLineTools/usr/bin/cc 
Build flags: 
Id flags:  

The output was:
0


Compilation of the C compiler identification source "CMakeCCompilerId.c" produced "a.out"

The C compiler identification is AppleClang, found in "/Users/sergiu.ferentz/personal/tinyRayTracer/tinyraytracer/build/CMakeFiles/3.15.2/CompilerIdC/a.out"

Compiling the CXX compiler identification source file "CMakeCXXCompilerId.cpp" succeeded.
Compiler: /Library/Developer/CommandLineTools/usr/bin/c++ 
Build flags: 
Id flags:  

The output was:
0


Compilation of the CXX compiler identification source "CMakeCXXCompilerId.cpp" produced "a.out"

The CXX compiler identification is AppleClang, found in "/Users/sergiu.ferentz/personal/tinyRayTracer/tinyraytracer/build/CMakeFiles/3.15.2/CompilerIdCXX/a.out"

Determining if the C compiler works passed with the following output:
Change Dir: /Users/sergiu.ferentz/personal/tinyRayTracer/tinyraytracer/build/CMakeFiles/CMakeTmp

Run Build Command(s):/usr/bin/make cmTC_14e79/fast && /Library/Developer/CommandLineTools/usr/bin/make -f CMakeFiles/cmTC_14e79.dir/build.make CMakeFiles/cmTC_14e79.dir/build
Building C object CMakeFiles/cmTC_14e79.dir/testCCompiler.c.o
/Library/Developer/CommandLineTools/usr/bin/cc    -o CMakeFiles/cmTC_14e79.dir/testCCompiler.c.o   -c /Users/sergiu.ferentz/personal/tinyRayTracer/tinyraytracer/build/CMakeFiles/CMakeTmp/testCCompiler.c
Linking C executable cmTC_14e79
/usr/local/Cellar/cmake/3.15.2/bin/cmake -E cmake_link_script CMakeFiles/cmTC_14e79.dir/link.txt --verbose=1
/Library/Developer/CommandLineTools/usr/bin/cc   -Wl,-search_paths_first -Wl,-headerpad_max_install_names   CMakeFiles/cmTC_14e79.dir/testCCompiler.c.o  -o cmTC_14e79 



Detecting C compiler ABI info compiled with the following output:
Change Dir: /Users/sergiu.ferentz/personal/tinyRayTracer/tinyraytracer/build/CMakeFiles/CMakeTmp

Run Build Command(s):/usr/bin/make cmTC_7cd24/fast && /Library/Developer/CommandLineTools/usr/bin/make -f CMakeFiles/cmTC_7cd24.dir/build.make CMakeFiles/cmTC_7cd24.dir/build
Building C object CMakeFiles/cmTC_7cd24.dir/CMakeCCompilerABI.c.o
/Library/Developer/CommandLineTools/usr/bin/cc   -v -Wl,-v -o CMakeFiles/cmTC_7cd24.dir/CMakeCCompilerABI.c.o   -c /usr/local/Cellar/cmake/3.15.2/share/cmake/Modules/CMakeCCompilerABI.c
Apple LLVM version 10.0.0 (clang-1000.10.44.4)
Target: x86_64-apple-darwin17.7.0
Thread model: posix
InstalledDir: /Library/Developer/CommandLineTools/usr/bin
clang: warning: -Wl,-v: 'linker' input unused [-Wunused-command-line-argument]
 "/Library/Developer/CommandLineTools/usr/bin/clang" -cc1 -triple x86_64-apple-macosx10.13.0 -Wdeprecated-objc-isa-usage -Werror=deprecated-objc-isa-usage -emit-obj -mrelax-all -disable-free -disable-llvm-verifier -discard-value-names -main-file-name CMakeCCompilerABI.c -mrelocation-model pic -pic-level 2 -mthread-model posix -mdisable-fp-elim -fno-strict-return -masm-verbose -munwind-tables -target-cpu penryn -dwarf-column-info -debugger-tuning=lldb -target-linker-version 409.12 -v -coverage-notes-file /Users/sergiu.ferentz/personal/tinyRayTracer/tinyraytracer/build/CMakeFiles/CMakeTmp/CMakeFiles/cmTC_7cd24.dir/CMakeCCompilerABI.c.gcno -resource-dir /Library/Developer/CommandLineTools/usr/lib/clang/10.0.0 -fdebug-compilation-dir /Users/sergiu.ferentz/personal/tinyRayTracer/tinyraytracer/build/CMakeFiles/CMakeTmp -ferror-limit 19 -fmessage-length 0 -stack-protector 1 -fblocks -fencode-extended-block-signature -fobjc-runtime=macosx-10.13.0 -fmax-type-align=16 -fdiagnostics-show-option -o CMakeFiles/cmTC_7cd24.dir/CMakeCCompilerABI.c.o -x c /usr/local/Cellar/cmake/3.15.2/share/cmake/Modules/CMakeCCompilerABI.c
clang -cc1 version 10.0.0 (clang-1000.10.44.4) default target x86_64-apple-darwin17.7.0
#include "..." search starts here:
#include <...> search starts here:
 /usr/local/include
 /Library/Developer/CommandLineTools/usr/lib/clang/10.0.0/include
 /Library/Developer/CommandLineTools/usr/include
 /usr/include
 /System/Library/Frameworks (framework directory)
 /Library/Frameworks (framework directory)
End of search list.
Linking C executable cmTC_7cd24
/usr/local/Cellar/cmake/3.15.2/bin/cmake -E cmake_link_script CMakeFiles/cmTC_7cd24.dir/link.txt --verbose=1
/Library/Developer/CommandLineTools/usr/bin/cc   -Wl,-search_paths_first -Wl,-headerpad_max_install_names  -v -Wl,-v CMakeFiles/cmTC_7cd24.dir/CMakeCCompilerABI.c.o  -o cmTC_7cd24 
Apple LLVM version 10.0.0 (clang-1000.10.44.4)
Target: x86_64-apple-darwin17.7.0
Thread model: posix
InstalledDir: /Library/Developer/CommandLineTools/usr/bin
 "/Library/Developer/CommandLineTools/usr/bin/ld" -demangle -lto_library /Library/Developer/CommandLineTools/usr/lib/libLTO.dylib -dynamic -arch x86_64 -macosx_version_min 10.13.0 -o cmTC_7cd24 -search_paths_first -headerpad_max_install_names -v CMakeFiles/cmTC_7cd24.dir/CMakeCCompilerABI.c.o -lSystem /Library/Developer/CommandLineTools/usr/lib/clang/10.0.0/lib/darwin/libclang_rt.osx.a
@(#)PROGRAM:ld  PROJECT:ld64-409.12
BUILD 17:47:51 Sep 25 2018
configured to support archs: armv6 armv7 armv7s arm64 i386 x86_64 x86_64h armv6m armv7k armv7m armv7em
Library search paths:
	/usr/lib
	/usr/local/lib
Framework search paths:
	/Library/Frameworks/
	/System/Library/Frameworks/



Parsed C implicit include dir info from above output: rv=done
  found start of include info
  found start of implicit include info
    add: [/usr/local/include]
    add: [/Library/Developer/CommandLineTools/usr/lib/clang/10.0.0/include]
    add: [/Library/Developer/CommandLineTools/usr/include]
    add: [/usr/include]
  end of search list found
  collapse include dir [/usr/local/include] ==> [/usr/local/include]
  collapse include dir [/Library/Developer/CommandLineTools/usr/lib/clang/10.0.0/include] ==> [/Library/Developer/CommandLineTools/usr/lib/clang/10.0.0/include]
  collapse include dir [/Library/Developer/CommandLineTools/usr/include] ==> [/Library/Developer/CommandLineTools/usr/include]
  collapse include dir [/usr/include] ==> [/usr/include]
  implicit include dirs: [/usr/local/include;/Library/Developer/CommandLineTools/usr/lib/clang/10.0.0/include;/Library/Developer/CommandLineTools/usr/include;/usr/include]


Parsed C implicit link information from above output:
  link line regex: [^( *|.*[/\])(ld|CMAKE_LINK_STARTFILE-NOTFOUND|([^/\]+-)?ld|collect2)[^/\]*( |$)]
  ignore line: [Change Dir: /Users/sergiu.ferentz/personal/tinyRayTracer/tinyraytracer/build/CMakeFiles/CMakeTmp]
  ignore line: []
  ignore line: [Run Build Command(s):/usr/bin/make cmTC_7cd24/fast && /Library/Developer/CommandLineTools/usr/bin/make -f CMakeFiles/cmTC_7cd24.dir/build.make CMakeFiles/cmTC_7cd24.dir/build]
  ignore line: [Building C object CMakeFiles/cmTC_7cd24.dir/CMakeCCompilerABI.c.o]
  ignore line: [/Library/Developer/CommandLineTools/usr/bin/cc   -v -Wl,-v -o CMakeFiles/cmTC_7cd24.dir/CMakeCCompilerABI.c.o   -c /usr/local/Cellar/cmake/3.15.2/share/cmake/Modules/CMakeCCompilerABI.c]
  ignore line: [Apple LLVM version 10.0.0 (clang-1000.10.44.4)]
  ignore line: [Target: x86_64-apple-darwin17.7.0]
  ignore line: [Thread model: posix]
  ignore line: [InstalledDir: /Library/Developer/CommandLineTools/usr/bin]
  ignore line: [clang: warning: -Wl,-v: 'linker' input unused [-Wunused-command-line-argument]]
  ignore line: [ "/Library/Developer/CommandLineTools/usr/bin/clang" -cc1 -triple x86_64-apple-macosx10.13.0 -Wdeprecated-objc-isa-usage -Werror=deprecated-objc-isa-usage -emit-obj -mrelax-all -disable-free -disable-llvm-verifier -discard-value-names -main-file-name CMakeCCompilerABI.c -mrelocation-model pic -pic-level 2 -mthread-model posix -mdisable-fp-elim -fno-strict-return -masm-verbose -munwind-tables -target-cpu penryn -dwarf-column-info -debugger-tuning=lldb -target-linker-version 409.12 -v -coverage-notes-file /Users/sergiu.ferentz/personal/tinyRayTracer/tinyraytracer/build/CMakeFiles/CMakeTmp/CMakeFiles/cmTC_7cd24.dir/CMakeCCompilerABI.c.gcno -resource-dir /Library/Developer/CommandLineTools/usr/lib/clang/10.0.0 -fdebug-compilation-dir /Users/sergiu.ferentz/personal/tinyRayTracer/tinyraytracer/build/CMakeFiles/CMakeTmp -ferror-limit 19 -fmessage-length 0 -stack-protector 1 -fblocks -fencode-extended-block-signature -fobjc-runtime=macosx-10.13.0 -fmax-type-align=16 -fdiagnostics-show-option -o CMakeFiles/cmTC_7cd24.dir/CMakeCCompilerABI.c.o -x c /usr/local/Cellar/cmake/3.15.2/share/cmake/Modules/CMakeCCompilerABI.c]
  ignore line: [clang -cc1 version 10.0.0 (clang-1000.10.44.4) default target x86_64-apple-darwin17.7.0]
  ignore line: [#include "..." search starts here:]
  ignore line: [#include <...> search starts here:]
  ignore line: [ /usr/local/include]
  ignore line: [ /Library/Developer/CommandLineTools/usr/lib/clang/10.0.0/include]
  ignore line: [ /Library/Developer/CommandLineTools/usr/include]
  ignore line: [ /usr/include]
  ignore line: [ /System/Library/Frameworks (framework directory)]
  ignore line: [ /Library/Frameworks (framework directory)]
  ignore line: [End of search list.]
  ignore line: [Linking C executable cmTC_7cd24]
  ignore line: [/usr/local/Cellar/cmake/3.15.2/bin/cmake -E cmake_link_script CMakeFiles/cmTC_7cd24.dir/link.txt --verbose=1]
  ignore line: [/Library/Developer/CommandLineTools/usr/bin/cc   -Wl,-search_paths_first -Wl,-headerpad_max_install_names  -v -Wl,-v CMakeFiles/cmTC_7cd24.dir/CMakeCCompilerABI.c.o  -o cmTC_7cd24 ]
  ignore line: [Apple LLVM version 10.0.0 (clang-1000.10.44.4)]
  ignore line: [Target: x86_64-apple-darwin17.7.0]
  ignore line: [Thread model: posix]
  ignore line: [InstalledDir: /Library/Developer/CommandLineTools/usr/bin]
  link line: [ "/Library/Developer/CommandLineTools/usr/bin/ld" -demangle -lto_library /Library/Developer/CommandLineTools/usr/lib/libLTO.dylib -dynamic -arch x86_64 -macosx_version_min 10.13.0 -o cmTC_7cd24 -search_paths_first -headerpad_max_install_names -v CMakeFiles/cmTC_7cd24.dir/CMakeCCompilerABI.c.o -lSystem /Library/Developer/CommandLineTools/usr/lib/clang/10.0.0/lib/darwin/libclang_rt.osx.a]
    arg [/Library/Developer/CommandLineTools/usr/bin/ld] ==> ignore
    arg [-demangle] ==> ignore
    arg [-lto_library] ==> ignore, skip following value
    arg [/Library/Developer/CommandLineTools/usr/lib/libLTO.dylib] ==> skip value of -lto_library
    arg [-dynamic] ==> ignore
    arg [-arch] ==> ignore
    arg [x86_64] ==> ignore
    arg [-macosx_version_min] ==> ignore
    arg [10.13.0] ==> ignore
    arg [-o] ==> ignore
    arg [cmTC_7cd24] ==> ignore
    arg [-search_paths_first] ==> ignore
    arg [-headerpad_max_install_names] ==> ignore
    arg [-v] ==> ignore
    arg [CMakeFiles/cmTC_7cd24.dir/CMakeCCompilerABI.c.o] ==> ignore
    arg [-lSystem] ==> lib [System]
    arg [/Library/Developer/CommandLineTools/usr/lib/clang/10.0.0/lib/darwin/libclang_rt.osx.a] ==> lib [/Library/Developer/CommandLineTools/usr/lib/clang/10.0.0/lib/darwin/libclang_rt.osx.a]
  Library search paths: [;/usr/lib;/usr/local/lib]
  Framework search paths: [;/Library/Frameworks/;/System/Library/Frameworks/]
  remove lib [System]
  remove lib [/Library/Developer/CommandLineTools/usr/lib/clang/10.0.0/lib/darwin/libclang_rt.osx.a]
  collapse library dir [/usr/lib] ==> [/usr/lib]
  collapse library dir [/usr/local/lib] ==> [/usr/local/lib]
  collapse framework dir [/Library/Frameworks/] ==> [/Library/Frameworks]
  collapse framework dir [/System/Library/Frameworks/] ==> [/System/Library/Frameworks]
  implicit libs: []
  implicit dirs: [/usr/lib;/usr/local/lib]
  implicit fwks: [/Library/Frameworks;/System/Library/Frameworks]


Determining if the CXX compiler works passed with the following output:
Change Dir: /Users/sergiu.ferentz/personal/tinyRayTracer/tinyraytracer/build/CMakeFiles/CMakeTmp

Run Build Command(s):/usr/bin/make cmTC_142ed/fast && /Library/Developer/CommandLineTools/usr/bin/make -f CMakeFiles/cmTC_142ed.dir/build.make CMakeFiles/cmTC_142ed.dir/build
Building CXX object CMakeFiles/cmTC_142ed.dir/testCXXCompiler.cxx.o
/Library/Developer/CommandLineTools/usr/bin/c++     -o CMakeFiles/cmTC_142ed.dir/testCXXCompiler.cxx.o -c /Users/sergiu.ferentz/personal/tinyRayTracer/tinyraytracer/build/CMakeFiles/CMakeTmp/testCXXCompiler.cxx
Linking CXX executable cmTC_142ed
/usr/local/Cellar/cmake/3.15.2/bin/cmake -E cmake_link_script CMakeFiles/cmTC_142ed.dir/link.txt --verbose=1
/Library/Developer/CommandLineTools/usr/bin/c++    -Wl,-search_paths_first -Wl,-headerpad_max_install_names   CMakeFiles/cmTC_142ed.dir/testCXXCompiler.cxx.o  -o cmTC_142ed 



Detecting CXX compiler ABI info compiled with the following output:
Change Dir: /Users/sergiu.ferentz/personal/tinyRayTracer/tinyraytracer/build/CMakeFiles/CMakeTmp

Run Build Command(s):/usr/bin/make cmTC_ff1d3/fast && /Library/Developer/CommandLineTools/usr/bin/make -f CMakeFiles/cmTC_ff1d3.dir/build.make CMakeFiles/cmTC_ff1d3.dir/build
Building CXX object CMakeFiles/cmTC_ff1d3.dir/CMakeCXXCompilerABI.cpp.o
/Library/Developer/CommandLineTools/usr/bin/c++    -v -Wl,-v -o CMakeFiles/cmTC_ff1d3.dir/CMakeCXXCompilerABI.cpp.o -c /usr/local/Cellar/cmake/3.15.2/share/cmake/Modules/CMakeCXXCompilerABI.cpp
Apple LLVM version 10.0.0 (clang-1000.10.44.4)
Target: x86_64-apple-darwin17.7.0
Thread model: posix
InstalledDir: /Library/Developer/CommandLineTools/usr/bin
clang: warning: -Wl,-v: 'linker' input unused [-Wunused-command-line-argument]
 "/Library/Developer/CommandLineTools/usr/bin/clang" -cc1 -triple x86_64-apple-macosx10.13.0 -Wdeprecated-objc-isa-usage -Werror=deprecated-objc-isa-usage -emit-obj -mrelax-all -disable-free -disable-llvm-verifier -discard-value-names -main-file-name CMakeCXXCompilerABI.cpp -mrelocation-model pic -pic-level 2 -mthread-model posix -mdisable-fp-elim -fno-strict-return -masm-verbose -munwind-tables -target-cpu penryn -dwarf-column-info -debugger-tuning=lldb -target-linker-version 409.12 -v -coverage-notes-file /Users/sergiu.ferentz/personal/tinyRayTracer/tinyraytracer/build/CMakeFiles/CMakeTmp/CMakeFiles/cmTC_ff1d3.dir/CMakeCXXCompilerABI.cpp.gcno -resource-dir /Library/Developer/CommandLineTools/usr/lib/clang/10.0.0 -stdlib=libc++ -fdeprecated-macro -fdebug-compilation-dir /Users/sergiu.ferentz/personal/tinyRayTracer/tinyraytracer/build/CMakeFiles/CMakeTmp -ferror-limit 19 -fmessage-length 0 -stack-protector 1 -fblocks -fencode-extended-block-signature -fobjc-runtime=macosx-10.13.0 -fcxx-exceptions -fexceptions -fmax-type-align=16 -fdiagnostics-show-option -o CMakeFiles/cmTC_ff1d3.dir/CMakeCXXCompilerABI.cpp.o -x c++ /usr/local/Cellar/cmake/3.15.2/share/cmake/Modules/CMakeCXXCompilerABI.cpp
clang -cc1 version 10.0.0 (clang-1000.10.44.4) default target x86_64-apple-darwin17.7.0
ignoring nonexistent directory "/usr/include/c++/v1"
#include "..." search starts here:
#include <...> search starts here:
 /Library/Developer/CommandLineTools/usr/include/c++/v1
 /usr/local/include
 /Library/Developer/CommandLineTools/usr/lib/clang/10.0.0/include
 /Library/Developer/CommandLineTools/usr/include
 /usr/include
 /System/Library/Frameworks (framework directory)
 /Library/Frameworks (framework directory)
End of search list.
Linking CXX executable cmTC_ff1d3
/usr/local/Cellar/cmake/3.15.2/bin/cmake -E cmake_link_script CMakeFiles/cmTC_ff1d3.dir/link.txt --verbose=1
/Library/Developer/CommandLineTools/usr/bin/c++    -Wl,-search_paths_first -Wl,-headerpad_max_install_names  -v -Wl,-v CMakeFiles/cmTC_ff1d3.dir/CMakeCXXCompilerABI.cpp.o  -o cmTC_ff1d3 
Apple LLVM version 10.0.0 (clang-1000.10.44.4)
Target: x86_64-apple-darwin17.7.0
Thread model: posix
InstalledDir: /Library/Developer/CommandLineTools/usr/bin
 "/Library/Developer/CommandLineTools/usr/bin/ld" -demangle -lto_library /Library/Developer/CommandLineTools/usr/lib/libLTO.dylib -dynamic -arch x86_64 -macosx_version_min 10.13.0 -o cmTC_ff1d3 -search_paths_first -headerpad_max_install_names -v CMakeFiles/cmTC_ff1d3.dir/CMakeCXXCompilerABI.cpp.o -lc++ -lSystem /Library/Developer/CommandLineTools/usr/lib/clang/10.0.0/lib/darwin/libclang_rt.osx.a
@(#)PROGRAM:ld  PROJECT:ld64-409.12
BUILD 17:47:51 Sep 25 2018
configured to support archs: armv6 armv7 armv7s arm64 i386 x86_64 x86_64h armv6m armv7k armv7m armv7em
Library search paths:
	/usr/lib
	/usr/local/lib
Framework search paths:
	/Library/Frameworks/
	/System/Library/Frameworks/



Parsed CXX implicit include dir info from above output: rv=done
  found start of include info
  found start of implicit include info
    add: [/Library/Developer/CommandLineTools/usr/include/c++/v1]
    add: [/usr/local/include]
    add: [/Library/Developer/CommandLineTools/usr/lib/clang/10.0.0/include]
    add: [/Library/Developer/CommandLineTools/usr/include]
    add: [/usr/include]
  end of search list found
  collapse include dir [/Library/Developer/CommandLineTools/usr/include/c++/v1] ==> [/Library/Developer/CommandLineTools/usr/include/c++/v1]
  collapse include dir [/usr/local/include] ==> [/usr/local/include]
  collapse include dir [/Library/Developer/CommandLineTools/usr/lib/clang/10.0.0/include] ==> [/Library/Developer/CommandLineTools/usr/lib/clang/10.0.0/include]
  collapse include dir [/Library/Developer/CommandLineTools/usr/include] ==> [/Library/Developer/CommandLineTools/usr/include]
  collapse include dir [/usr/include] ==> [/usr/include]
  implicit include dirs: [/Library/Developer/CommandLineTools/usr/include/c++/v1;/usr/local/include;/Library/Developer/CommandLineTools/usr/lib/clang/10.0.0/include;/Library/Developer/CommandLineTools/usr/include;/usr/include]


Parsed CXX implicit link information from above output:
  link line regex: [^( *|.*[/\])(ld|CMAKE_LINK_STARTFILE-NOTFOUND|([^/\]+-)?ld|collect2)[^/\]*( |$)]
  ignore line: [Change Dir: /Users/sergiu.ferentz/personal/tinyRayTracer/tinyraytracer/build/CMakeFiles/CMakeTmp]
  ignore line: []
  ignore line: [Run Build Command(s):/usr/bin/make cmTC_ff1d3/fast && /Library/Developer/CommandLineTools/usr/bin/make -f CMakeFiles/cmTC_ff1d3.dir/build.make CMakeFiles/cmTC_ff1d3.dir/build]
  ignore line: [Building CXX object CMakeFiles/cmTC_ff1d3.dir/CMakeCXXCompilerABI.cpp.o]
  ignore line: [/Library/Developer/CommandLineTools/usr/bin/c++    -v -Wl,-v -o CMakeFiles/cmTC_ff1d3.dir/CMakeCXXCompilerABI.cpp.o -c /usr/local/Cellar/cmake/3.15.2/share/cmake/Modules/CMakeCXXCompilerABI.cpp]
  ignore line: [Apple LLVM version 10.0.0 (clang-1000.10.44.4)]
  ignore line: [Target: x86_64-apple-darwin17.7.0]
  ignore line: [Thread model: posix]
  ignore line: [InstalledDir: /Library/Developer/CommandLineTools/usr/bin]
  ignore line: [clang: warning: -Wl,-v: 'linker' input unused [-Wunused-command-line-argument]]
  ignore line: [ "/Library/Developer/CommandLineTools/usr/bin/clang" -cc1 -triple x86_64-apple-macosx10.13.0 -Wdeprecated-objc-isa-usage -Werror=deprecated-objc-isa-usage -emit-obj -mrelax-all -disable-free -disable-llvm-verifier -discard-value-names -main-file-name CMakeCXXCompilerABI.cpp -mrelocation-model pic -pic-level 2 -mthread-model posix -mdisable-fp-elim -fno-strict-return -masm-verbose -munwind-tables -target-cpu penryn -dwarf-column-info -debugger-tuning=lldb -target-linker-version 409.12 -v -coverage-notes-file /Users/sergiu.ferentz/personal/tinyRayTracer/tinyraytracer/build/CMakeFiles/CMakeTmp/CMakeFiles/cmTC_ff1d3.dir/CMakeCXXCompilerABI.cpp.gcno -resource-dir /Library/Developer/CommandLineTools/usr/lib/clang/10.0.0 -stdlib=libc++ -fdeprecated-macro -fdebug-compilation-dir /Users/sergiu.ferentz/personal/tinyRayTracer/tinyraytracer/build/CMakeFiles/CMakeTmp -ferror-limit 19 -fmessage-length 0 -stack-protector 1 -fblocks -fencode-extended-block-signature -fobjc-runtime=macosx-10.13.0 -fcxx-exceptions -fexceptions -fmax-type-align=16 -fdiagnostics-show-option -o CMakeFiles/cmTC_ff1d3.dir/CMakeCXXCompilerABI.cpp.o -x c++ /usr/local/Cellar/cmake/3.15.2/share/cmake/Modules/CMakeCXXCompilerABI.cpp]
  ignore line: [clang -cc1 version 10.0.0 (clang-1000.10.44.4) default target x86_64-apple-darwin17.7.0]
  ignore line: [ignoring nonexistent directory "/usr/include/c++/v1"]
  ignore line: [#include "..." search starts here:]
  ignore line: [#include <...> search starts here:]
  ignore line: [ /Library/Developer/CommandLineTools/usr/include/c++/v1]
  ignore line: [ /usr/local/include]
  ignore line: [ /Library/Developer/CommandLineTools/usr/lib/clang/10.0.0/include]
  ignore line: [ /Library/Developer/CommandLineTools/usr/include]
  ignore line: [ /usr/include]
  ignore line: [ /System/Library/Frameworks (framework directory)]
  ignore line: [ /Library/Frameworks (framework directory)]
  ignore line: [End of search list.]
  ignore line: [Linking CXX executable cmTC_ff1d3]
  ignore line: [/usr/local/Cellar/cmake/3.15.2/bin/cmake -E cmake_link_script CMakeFiles/cmTC_ff1d3.dir/link.txt --verbose=1]
  ignore line: [/Library/Developer/CommandLineTools/usr/bin/c++    -Wl,-search_paths_first -Wl,-headerpad_max_install_names  -v -Wl,-v CMakeFiles/cmTC_ff1d3.dir/CMakeCXXCompilerABI.cpp.o  -o cmTC_ff1d3 ]
  ignore line: [Apple LLVM version 10.0.0 (clang-1000.10.44.4)]
  ignore line: [Target: x86_64-apple-darwin17.7.0]
  ignore line: [Thread model: posix]
  ignore line: [InstalledDir: /Library/Developer/CommandLineTools/usr/bin]
  link line: [ "/Library/Developer/CommandLineTools/usr/bin/ld" -demangle -lto_library /Library/Developer/CommandLineTools/usr/lib/libLTO.dylib -dynamic -arch x86_64 -macosx_version_min 10.13.0 -o cmTC_ff1d3 -search_paths_first -headerpad_max_install_names -v CMakeFiles/cmTC_ff1d3.dir/CMakeCXXCompilerABI.cpp.o -lc++ -lSystem /Library/Developer/CommandLineTools/usr/lib/clang/10.0.0/lib/darwin/libclang_rt.osx.a]
    arg [/Library/Developer/CommandLineTools/usr/bin/ld] ==> ignore
    arg [-demangle] ==> ignore
    arg [-lto_library] ==> ignore, skip following value
    arg [/Library/Developer/CommandLineTools/usr/lib/libLTO.dylib] ==> skip value of -lto_library
    arg [-dynamic] ==> ignore
    arg [-arch] ==> ignore
    arg [x86_64] ==> ignore
    arg [-macosx_version_min] ==> ignore
    arg [10.13.0] ==> ignore
    arg [-o] ==> ignore
    arg [cmTC_ff1d3] ==> ignore
    arg [-search_paths_first] ==> ignore
    arg [-headerpad_max_install_names] ==> ignore
    arg [-v] ==> ignore
    arg [CMakeFiles/cmTC_ff1d3.dir/CMakeCXXCompilerABI.cpp.o] ==> ignore
    arg [-lc++] ==> lib [c++]
    arg [-lSystem] ==> lib [System]
    arg [/Library/Developer/CommandLineTools/usr/lib/clang/10.0.0/lib/darwin/libclang_rt.osx.a] ==> lib [/Library/Developer/CommandLineTools/usr/lib/clang/10.0.0/lib/darwin/libclang_rt.osx.a]
  Library search paths: [;/usr/lib;/usr/local/lib]
  Framework search paths: [;/Library/Frameworks/;/System/Library/Frameworks/]
  remove lib [System]
  remove lib [/Library/Developer/CommandLineTools/usr/lib/clang/10.0.0/lib/darwin/libclang_rt.osx.a]
  collapse library dir [/usr/lib] ==> [/usr/lib]
  collapse library dir [/usr/local/lib] ==> [/usr/local/lib]
  collapse framework dir [/Library/Frameworks/] ==> [/Library/Frameworks]
  collapse framework dir [/System/Library/Frameworks/] ==> [/System/Library/Frameworks]
  implicit libs: [c++]
  implicit dirs: [/usr/lib;/usr/local/lib]
  implicit fwks: [/Library/Frameworks;/System/Library/Frameworks]


Performing C++ SOURCE FILE Test flag_supported succeeded with the following output:
Change Dir: /Users/sergiu.ferentz/personal/tinyRayTracer/tinyraytracer/build/CMakeFiles/CMakeTmp

Run Build Command(s):/usr/bin/make cmTC_f99d7/fast && /Library/Developer/CommandLineTools/usr/bin/make -f CMakeFiles/cmTC_f99d7.dir/build.make CMakeFiles/cmTC_f99d7.dir/build
Building CXX object CMakeFiles/cmTC_f99d7.dir/src.cxx.o
/Library/Developer/CommandLineTools/usr/bin/c++    -Dflag_supported   -Wall -o CMakeFiles/cmTC_f99d7.dir/src.cxx.o -c /Users/sergiu.ferentz/personal/tinyRayTracer/tinyraytracer/build/CMakeFiles/CMakeTmp/src.cxx
Linking CXX executable cmTC_f99d7
/usr/local/Cellar/cmake/3.15.2/bin/cmake -E cmake_link_script CMakeFiles/cmTC_f99d7.dir/link.txt --verbose=1
/Library/Developer/CommandLineTools/usr/bin/c++   -Dflag_supported -Wl,-search_paths_first -Wl,-headerpad_max_install_names   CMakeFiles/cmTC_f99d7.dir/src.cxx.o  -o cmTC_f99d7 


Source file was:
int main() { return 0; }
Performing C++ SOURCE FILE Test flag_supported succeeded with the following output:
Change Dir: /Users/sergiu.ferentz/personal/tinyRayTracer/tinyraytracer/build/CMakeFiles/CMakeTmp

Run Build Command(s):/usr/bin/make cmTC_6766d/fast && /Library/Developer/CommandLineTools/usr/bin/make -f CMakeFiles/cmTC_6766d.dir/build.make CMakeFiles/cmTC_6766d.dir/build
Building CXX object CMakeFiles/cmTC_6766d.dir/src.cxx.o
/Library/Developer/CommandLineTools/usr/bin/c++    -Wall -Dflag_supported   -Wextra -o CMakeFiles/cmTC_6766d.dir/src.cxx.o -c /Users/sergiu.ferentz/personal/tinyRayTracer/tinyraytracer/build/CMakeFiles/CMakeTmp/src.cxx
Linking CXX executable cmTC_6766d
/usr/local/Cellar/cmake/3.15.2/bin/cmake -E cmake_link_script CMakeFiles/cmTC_6766d.dir/link.txt --verbose=1
/Library/Developer/CommandLineTools/usr/bin/c++   -Wall -Dflag_supported -Wl,-search_paths_first -Wl,-headerpad_max_install_names   CMakeFiles/cmTC_6766d.dir/src.cxx.o  -o cmTC_6766d 


Source file was:
int main() { return 0; }
Performing C++ SOURCE FILE Test flag_supported succeeded with the following output:
Change Dir: /Users/sergiu.ferentz/personal/tinyRayTracer/tinyraytracer/build/CMakeFiles/CMakeTmp

Run Build Command(s):/usr/bin/make cmTC_2f44e/fast && /Library/Developer/CommandLineTools/usr/bin/make -f CMakeFiles/cmTC_2f44e.dir/build.make CMakeFiles/cmTC_2f44e.dir/build
Building CXX object CMakeFiles/cmTC_2f44e.dir/src.cxx.o
/Library/Developer/CommandLineTools/usr/bin/c++    -Wall -Wextra -Dflag_supported   -pedantic -o CMakeFiles/cmTC_2f44e.dir/src.cxx.o -c /Users/sergiu.ferentz/personal/tinyRayTracer/tinyraytracer/build/CMakeFiles/CMakeTmp/src.cxx
Linking CXX executable cmTC_2f44e
/usr/local/Cellar/cmake/3.15.2/bin/cmake -E cmake_link_script CMakeFiles/cmTC_2f44e.dir/link.txt --verbose=1
/Library/Developer/CommandLineTools/usr/bin/c++   -Wall -Wextra -Dflag_supported -Wl,-search_paths_first -Wl,-headerpad_max_install_names   CMakeFiles/cmTC_2f44e.dir/src.cxx.o  -o cmTC_2f44e 


Source file was:
int main() { return 0; }
Performing C++ SOURCE FILE Test flag_supported succeeded with the following output:
Change Dir: /Users/sergiu.ferentz/personal/tinyRayTracer/tinyraytracer/build/CMakeFiles/CMakeTmp

Run Build Command(s):/usr/bin/make cmTC_e5e81/fast && /Library/Developer/CommandLineTools/usr/bin/make -f CMakeFiles/cmTC_e5e81.dir/build.make CMakeFiles/cmTC_e5e81.dir/build
Building CXX object CMakeFiles/cmTC_e5e81.dir/src.cxx.o
/Library/Developer/CommandLineTools/usr/bin/c++    -Wall -Wextra -pedantic -Dflag_supported   -std=c++11 -o CMakeFiles/cmTC_e5e81.dir/src.cxx.o -c /Users/sergiu.ferentz/personal/tinyRayTracer/tinyraytracer/build/CMakeFiles/CMakeTmp/src.cxx
Linking CXX executable cmTC_e5e81
/usr/local/Cellar/cmake/3.15.2/bin/cmake -E cmake_link_script CMakeFiles/cmTC_e5e81.dir/link.txt --verbose=1
/Library/Developer/CommandLineTools/usr/bin/c++   -Wall -Wextra -pedantic -Dflag_supported -Wl,-search_paths_first -Wl,-headerpad_max_install_names   CMakeFiles/cmTC_e5e81.dir/src.cxx.o  -o cmTC_e5e81 


Source file was:
int main() { return 0; }
Performing C++ SOURCE FILE Test flag_supported succeeded with the following output:
Change Dir: /Users/sergiu.ferentz/personal/tinyRayTracer/tinyraytracer/build/CMakeFiles/CMakeTmp

Run Build Command(s):/usr/bin/make cmTC_603e9/fast && /Library/Developer/CommandLineTools/usr/bin/make -f CMakeFiles/cmTC_603e9.dir/build.make CMakeFiles/cmTC_603e9.dir/build
Building CXX object CMakeFiles/cmTC_603e9.dir/src.cxx.o
/Library/Developer/CommandLineTools/usr/bin/c++    -Wall -Wextra -pedantic -std=c++11 -Dflag_supported   -O3 -o CMakeFiles/cmTC_603e9.dir/src.cxx.o -c /Users/sergiu.ferentz/personal/tinyRayTracer/tinyraytracer/build/CMakeFiles/CMakeTmp/src.cxx
Linking CXX executable cmTC_603e9
/usr/local/Cellar/cmake/3.15.2/bin/cmake -E cmake_link_script CMakeFiles/cmTC_603e9.dir/link.txt --verbose=1
/Library/Developer/CommandLineTools/usr/bin/c++   -Wall -Wextra -pedantic -std=c++11 -Dflag_supported -Wl,-search_paths_first -Wl,-headerpad_max_install_names   CMakeFiles/cmTC_603e9.dir/src.cxx.o  -o cmTC_603e9 


Source file was:
int main() { return 0; }
Performing C++ SOURCE FILE Test flag_supported succeeded with the following output:
Change Dir: /Users/sergiu.ferentz/personal/tinyRayTracer/tinyraytracer/build/CMakeFiles/CMakeTmp

Run Build Command(s):/usr/bin/make cmTC_28484/fast && /Library/Developer/CommandLineTools/usr/bin/make -f CMakeFiles/cmTC_28484.dir/build.make CMakeFiles/cmTC_28484.dir/build
Building CXX object CMakeFiles/cmTC_28484.dir/src.cxx.o
/Library/Developer/CommandLineTools/usr/bin/c++    -Dflag_supported   -Wall -o CMakeFiles/cmTC_28484.dir/src.cxx.o -c /Users/sergiu.ferentz/personal/tinyRayTracer/tinyraytracer/build/CMakeFiles/CMakeTmp/src.cxx
Linking CXX executable cmTC_28484
/usr/local/Cellar/cmake/3.15.2/bin/cmake -E cmake_link_script CMakeFiles/cmTC_28484.dir/link.txt --verbose=1
/Library/Developer/CommandLineTools/usr/bin/c++   -Dflag_supported -Wl,-search_paths_first -Wl,-headerpad_max_install_names   CMakeFiles/cmTC_28484.dir/src.cxx.o  -o cmTC_28484 


Source file was:
int main() { return 0; }
Performing C++ SOURCE FILE Test flag_supported succeeded with the following output:
Change Dir: /Users/sergiu.ferentz/personal/tinyRayTracer/tinyraytracer/build/CMakeFiles/CMakeTmp

Run Build Command(s):/usr/bin/make cmTC_cf014/fast && /Library/Developer/CommandLineTools/usr/bin/make -f CMakeFiles/cmTC_cf014.dir/build.make CMakeFiles/cmTC_cf014.dir/build
Building CXX object CMakeFiles/cmTC_cf014.dir/src.cxx.o
/Library/Developer/CommandLineTools/usr/bin/c++    -Wall -Dflag_supported   -Wextra -o CMakeFiles/cmTC_cf014.dir/src.cxx.o -c /Users/sergiu.ferentz/personal/tinyRayTracer/tinyraytracer/build/CMakeFiles/CMakeTmp/src.cxx
Linking CXX executable cmTC_cf014
/usr/local/Cellar/cmake/3.15.2/bin/cmake -E cmake_link_script CMakeFiles/cmTC_cf014.dir/link.txt --verbose=1
/Library/Developer/CommandLineTools/usr/bin/c++   -Wall -Dflag_supported -Wl,-search_paths_first -Wl,-headerpad_max_install_names   CMakeFiles/cmTC_cf014.dir/src.cxx.o  -o cmTC_cf014 


Source file was:
int main() { return 0; }
Performing C++ SOURCE FILE Test flag_supported succeeded with the following output:
Change Dir: /Users/sergiu.ferentz/personal/tinyRayTracer/tinyraytracer/build/CMakeFiles/CMakeTmp

Run Build Command(s):/usr/bin/make cmTC_fd1a8/fast && /Library/Developer/CommandLineTools/usr/bin/make -f CMakeFiles/cmTC_fd1a8.dir/build.make CMakeFiles/cmTC_fd1a8.dir/build
Building CXX object CMakeFiles/cmTC_fd1a8.dir/src.cxx.o
/Library/Developer/CommandLineTools/usr/bin/c++    -Wall -Wextra -Dflag_supported   -pedantic -o CMakeFiles/cmTC_fd1a8.dir/src.cxx.o -c /Users/sergiu.ferentz/personal/tinyRayTracer/tinyraytracer/build/CMakeFiles/CMakeTmp/src.cxx
Linking CXX executable cmTC_fd1a8
/usr/local/Cellar/cmake/3.15.2/bin/cmake -E cmake_link_script CMakeFiles/cmTC_fd1a8.dir/link.txt --verbose=1
/Library/Developer/CommandLineTools/usr/bin/c++   -Wall -Wextra -Dflag_supported -Wl,-search_paths_first -Wl,-headerpad_max_install_names   CMakeFiles/cmTC_fd1a8.dir/src.cxx.o  -o cmTC_fd1a8 


Source file was:
int main() { return 0; }
Performing C++ SOURCE FILE Test flag_supported succeeded with the following output:
Change Dir: /Users/sergiu.ferentz/personal/tinyRayTracer/tinyraytracer/build/CMakeFiles/CMakeTmp

Run Build Command(s):/usr/bin/make cmTC_c18e1/fast && /Library/Developer/CommandLineTools/usr/bin/make -f CMakeFiles/cmTC_c18e1.dir/build.make CMakeFiles/cmTC_c18e1.dir/build
Building CXX object CMakeFiles/cmTC_c18e1.dir/src.cxx.o
/Library/Developer/CommandLineTools/usr/bin/c++    -Wall -Wextra -pedantic -Dflag_supported   -std=c++11 -o CMakeFiles/cmTC_c18e1.dir/src.cxx.o -c /Users/sergiu.ferentz/personal/tinyRayTracer/tinyraytracer/build/CMakeFiles/CMakeTmp/src.cxx
Linking CXX executable cmTC_c18e1
/usr/local/Cellar/cmake/3.15.2/bin/cmake -E cmake_link_script CMakeFiles/cmTC_c18e1.dir/link.txt --verbose=1
/Library/Developer/CommandLineTools/usr/bin/c++   -Wall -Wextra -pedantic -Dflag_supported -Wl,-search_paths_first -Wl,-headerpad_max_install_names   CMakeFiles/cmTC_c18e1.dir/src.cxx.o  -o cmTC_c18e1 


Source file was:
int main() { return 0; }
Performing C++ SOURCE FILE Test flag_supported succeeded with the following output:
Change Dir: /Users/sergiu.ferentz/personal/tinyRayTracer/tinyraytracer/build/CMakeFiles/CMakeTmp

Run Build Command(s):/usr/bin/make cmTC_b45ba/fast && /Library/Developer/CommandLineTools/usr/bin/make -f CMakeFiles/cmTC_b45ba.dir/build.make CMakeFiles/cmTC_b45ba.dir/build
Building CXX object CMakeFiles/cmTC_b45ba.dir/src.cxx.o
/Library/Developer/CommandLineTools/usr/bin/c++    -Wall -Wextra -pedantic -std=c++11 -Dflag_supported   -O3 -o CMakeFiles/cmTC_b45ba.dir/src.cxx.o -c /Users/sergiu.ferentz/personal/tinyRayTracer/tinyraytracer/build/CMakeFiles/CMakeTmp/src.cxx
Linking CXX executable cmTC_b45ba
/usr/local/Cellar/cmake/3.15.2/bin/cmake -E cmake_link_script CMakeFiles/cmTC_b45ba.dir/link.txt --verbose=1
/Library/Developer/CommandLineTools/usr/bin/c++   -Wall -Wextra -pedantic -std=c++11 -Dflag_supported -Wl,-search_paths_first -Wl,-headerpad_max_install_names   CMakeFiles/cmTC_b45ba.dir/src.cxx.o  -o cmTC_b45ba 


Source file was:
int main() { return 0; }
